<?xml version="1.0" encoding="UTF-8"?>
<!-- Generated by org.testng.reporters.JUnitXMLReporter -->
<testsuite ignored="0" hostname="DESKTOP-VDH35U1" failures="1" tests="1" name="POMTestCase" time="0.021" errors="0" timestamp="2022-02-18T16:55:09 GST">
  <testcase classname="com.dc.rns.qa.TestCase.BaseTest" name="@AfterClass teardown" time="0.001">
    <failure type="java.lang.NullPointerException" message="Cannot invoke &amp;quot;org.openqa.selenium.WebDriver.close()&amp;quot; because &amp;quot;com.dc.rns.qa.TestCase.BaseTest.driver&amp;quot; is null">
      <![CDATA[java.lang.NullPointerException: Cannot invoke "org.openqa.selenium.WebDriver.close()" because "com.dc.rns.qa.TestCase.BaseTest.driver" is null
at com.dc.rns.qa.TestCase.BaseTest.teardown(BaseTest.java:43)
at java.base/java.util.ArrayList.forEach(ArrayList.java:1511)
at Utilities.DynamicTestRunner.Testng(DynamicTestRunner.java:60)
at java.base/java.util.ArrayList.forEach(ArrayList.java:1511)
at java.base/java.util.concurrent.FutureTask.run(FutureTask.java:264)
at java.base/java.util.concurrent.ThreadPoolExecutor.runWorker(ThreadPoolExecutor.java:1136)
at java.base/java.util.concurrent.ThreadPoolExecutor$Worker.run(ThreadPoolExecutor.java:635)
at java.base/java.lang.Thread.run(Thread.java:833)
... Removed 40 stack frames]]>
    </failure>
  </testcase> <!-- @AfterClass teardown -->
  <testcase classname="com.dc.rns.qa.TestCase.Login" name="fnLogin" time="0.006">
    <failure type="java.lang.NullPointerException" message="Cannot invoke &amp;quot;com.aventstack.extentreports.ExtentReports.createTest(String)&amp;quot; because &amp;quot;com.dc.rns.qa.TestCase.Login.report&amp;quot; is null">
      <![CDATA[java.lang.NullPointerException: Cannot invoke "com.aventstack.extentreports.ExtentReports.createTest(String)" because "com.dc.rns.qa.TestCase.Login.report" is null
at com.dc.rns.qa.TestCase.Login.fnLogin(Login.java:27)
at java.base/java.util.ArrayList.forEach(ArrayList.java:1511)
at Utilities.DynamicTestRunner.Testng(DynamicTestRunner.java:60)
at java.base/java.util.ArrayList.forEach(ArrayList.java:1511)
at java.base/java.util.concurrent.FutureTask.run(FutureTask.java:264)
at java.base/java.util.concurrent.ThreadPoolExecutor.runWorker(ThreadPoolExecutor.java:1136)
at java.base/java.util.concurrent.ThreadPoolExecutor$Worker.run(ThreadPoolExecutor.java:635)
at java.base/java.lang.Thread.run(Thread.java:833)
... Removed 42 stack frames]]>
    </failure>
  </testcase> <!-- fnLogin -->
</testsuite> <!-- POMTestCase -->
