<?xml version="1.0" encoding="UTF-8"?>
<testng-results ignored="0" total="0" passed="0" failed="0" skipped="0">
  <reporter-output>
  </reporter-output>
  <suite started-at="2022-01-25T17:22:58 GST" name="SeleniumPOM" finished-at="2022-01-25T17:22:58 GST" duration-ms="13">
    <groups>
    </groups>
    <test started-at="2022-01-25T17:22:58 GST" name="LoginPageTest" finished-at="2022-01-25T17:22:58 GST" duration-ms="13">
    </test> <!-- LoginPageTest -->
  </suite> <!-- SeleniumPOM -->
</testng-results>
